2025-08-13T17:41:56Z | Jude 1 | GENZ-maxx
/Users/user/Code/BibleGENZ/bible_books/1 Chronicles/chapter_001.txt
/Users/user/Code/BibleGENZ/bible_books/1 Chronicles/chapter_002.txt
/Users/user/Code/BibleGENZ/bible_books/1 Chronicles/chapter_003.txt
/Users/user/Code/BibleGENZ/bible_books/1 Chronicles/chapter_004.txt
/Users/user/Code/BibleGENZ/bible_books/1 Chronicles/chapter_005.txt
/Users/user/Code/BibleGENZ/bible_books/1 Chronicles/chapter_006.txt
/Users/user/Code/BibleGENZ/bible_books/1 Chronicles/chapter_007.txt
/Users/user/Code/BibleGENZ/bible_books/1 Chronicles/chapter_008.txt
/Users/user/Code/BibleGENZ/bible_books/1 Chronicles/chapter_009.txt
/Users/user/Code/BibleGENZ/bible_books/1 Chronicles/chapter_010.txt
/Users/user/Code/BibleGENZ/bible_books/1 Chronicles/chapter_011.txt
/Users/user/Code/BibleGENZ/bible_books/1 Chronicles/chapter_012.txt
/Users/user/Code/BibleGENZ/bible_books/1 Chronicles/chapter_013.txt
/Users/user/Code/BibleGENZ/bible_books/1 Chronicles/chapter_014.txt
/Users/user/Code/BibleGENZ/bible_books/1 Chronicles/chapter_015.txt
/Users/user/Code/BibleGENZ/bible_books/1 Chronicles/chapter_016.txt
/Users/user/Code/BibleGENZ/bible_books/1 Chronicles/chapter_017.txt
/Users/user/Code/BibleGENZ/bible_books/1 Chronicles/chapter_018.txt
/Users/user/Code/BibleGENZ/bible_books/1 Chronicles/chapter_019.txt
/Users/user/Code/BibleGENZ/bible_books/1 Chronicles/chapter_020.txt
/Users/user/Code/BibleGENZ/bible_books/1 Chronicles/chapter_021.txt
/Users/user/Code/BibleGENZ/bible_books/1 Chronicles/chapter_022.txt
/Users/user/Code/BibleGENZ/bible_books/1 Chronicles/chapter_023.txt
/Users/user/Code/BibleGENZ/bible_books/1 Chronicles/chapter_024.txt
/Users/user/Code/BibleGENZ/bible_books/1 Chronicles/chapter_025.txt
/Users/user/Code/BibleGENZ/bible_books/1 Chronicles/chapter_026.txt
/Users/user/Code/BibleGENZ/bible_books/1 Chronicles/chapter_027.txt
/Users/user/Code/BibleGENZ/bible_books/1 Chronicles/chapter_028.txt
/Users/user/Code/BibleGENZ/bible_books/1 Chronicles/chapter_029.txt
/Users/user/Code/BibleGENZ/bible_books/1 Corinthians/chapter_001.txt
/Users/user/Code/BibleGENZ/bible_books/1 Corinthians/chapter_002.txt
/Users/user/Code/BibleGENZ/bible_books/1 Corinthians/chapter_003.txt
/Users/user/Code/BibleGENZ/bible_books/1 Corinthians/chapter_004.txt
/Users/user/Code/BibleGENZ/bible_books/1 Corinthians/chapter_005.txt
/Users/user/Code/BibleGENZ/bible_books/1 Corinthians/chapter_006.txt
/Users/user/Code/BibleGENZ/bible_books/1 Corinthians/chapter_007.txt
/Users/user/Code/BibleGENZ/bible_books/1 Corinthians/chapter_008.txt
/Users/user/Code/BibleGENZ/bible_books/1 Corinthians/chapter_009.txt
/Users/user/Code/BibleGENZ/bible_books/1 Corinthians/chapter_010.txt
/Users/user/Code/BibleGENZ/bible_books/1 Corinthians/chapter_011.txt
/Users/user/Code/BibleGENZ/bible_books/1 Corinthians/chapter_012.txt
/Users/user/Code/BibleGENZ/bible_books/1 Corinthians/chapter_013.txt
/Users/user/Code/BibleGENZ/bible_books/1 Corinthians/chapter_014.txt
/Users/user/Code/BibleGENZ/bible_books/1 Corinthians/chapter_015.txt
/Users/user/Code/BibleGENZ/bible_books/1 Corinthians/chapter_016.txt
/Users/user/Code/BibleGENZ/bible_books/1 John/chapter_001.txt
/Users/user/Code/BibleGENZ/bible_books/1 John/chapter_002.txt
/Users/user/Code/BibleGENZ/bible_books/1 John/chapter_003.txt
/Users/user/Code/BibleGENZ/bible_books/1 John/chapter_004.txt
/Users/user/Code/BibleGENZ/bible_books/1 John/chapter_005.txt
/Users/user/Code/BibleGENZ/bible_books/1 Kings/chapter_001.txt
/Users/user/Code/BibleGENZ/bible_books/1 Kings/chapter_002.txt
/Users/user/Code/BibleGENZ/bible_books/1 Kings/chapter_003.txt
/Users/user/Code/BibleGENZ/bible_books/1 Kings/chapter_004.txt
/Users/user/Code/BibleGENZ/bible_books/1 Kings/chapter_005.txt
/Users/user/Code/BibleGENZ/bible_books/1 Kings/chapter_006.txt
/Users/user/Code/BibleGENZ/bible_books/1 Kings/chapter_007.txt
/Users/user/Code/BibleGENZ/bible_books/1 Kings/chapter_008.txt
/Users/user/Code/BibleGENZ/bible_books/1 Kings/chapter_009.txt
/Users/user/Code/BibleGENZ/bible_books/1 Kings/chapter_010.txt
/Users/user/Code/BibleGENZ/bible_books/1 Kings/chapter_011.txt
/Users/user/Code/BibleGENZ/bible_books/1 Kings/chapter_012.txt
/Users/user/Code/BibleGENZ/bible_books/1 Kings/chapter_013.txt
/Users/user/Code/BibleGENZ/bible_books/1 Kings/chapter_014.txt
/Users/user/Code/BibleGENZ/bible_books/1 Kings/chapter_015.txt
/Users/user/Code/BibleGENZ/bible_books/1 Kings/chapter_016.txt
/Users/user/Code/BibleGENZ/bible_books/1 Kings/chapter_017.txt
/Users/user/Code/BibleGENZ/bible_books/1 Kings/chapter_018.txt
/Users/user/Code/BibleGENZ/bible_books/1 Kings/chapter_019.txt
/Users/user/Code/BibleGENZ/bible_books/1 Kings/chapter_020.txt
/Users/user/Code/BibleGENZ/bible_books/1 Kings/chapter_021.txt
/Users/user/Code/BibleGENZ/bible_books/1 Kings/chapter_022.txt
/Users/user/Code/BibleGENZ/bible_books/1 Peter/chapter_001.txt
/Users/user/Code/BibleGENZ/bible_books/1 Peter/chapter_002.txt
/Users/user/Code/BibleGENZ/bible_books/1 Peter/chapter_003.txt
/Users/user/Code/BibleGENZ/bible_books/1 Peter/chapter_004.txt
/Users/user/Code/BibleGENZ/bible_books/1 Peter/chapter_005.txt
/Users/user/Code/BibleGENZ/bible_books/1 Samuel/chapter_001.txt
/Users/user/Code/BibleGENZ/bible_books/1 Samuel/chapter_002.txt
/Users/user/Code/BibleGENZ/bible_books/1 Samuel/chapter_003.txt
/Users/user/Code/BibleGENZ/bible_books/1 Samuel/chapter_004.txt
/Users/user/Code/BibleGENZ/bible_books/1 Samuel/chapter_005.txt
/Users/user/Code/BibleGENZ/bible_books/1 Samuel/chapter_006.txt
/Users/user/Code/BibleGENZ/bible_books/1 Samuel/chapter_007.txt
/Users/user/Code/BibleGENZ/bible_books/1 Samuel/chapter_008.txt
/Users/user/Code/BibleGENZ/bible_books/1 Samuel/chapter_009.txt
/Users/user/Code/BibleGENZ/bible_books/1 Samuel/chapter_010.txt
/Users/user/Code/BibleGENZ/bible_books/1 Samuel/chapter_011.txt
/Users/user/Code/BibleGENZ/bible_books/1 Samuel/chapter_012.txt
/Users/user/Code/BibleGENZ/bible_books/1 Samuel/chapter_013.txt
/Users/user/Code/BibleGENZ/bible_books/1 Samuel/chapter_014.txt
/Users/user/Code/BibleGENZ/bible_books/1 Samuel/chapter_015.txt
/Users/user/Code/BibleGENZ/bible_books/1 Samuel/chapter_016.txt
/Users/user/Code/BibleGENZ/bible_books/1 Samuel/chapter_017.txt
/Users/user/Code/BibleGENZ/bible_books/1 Samuel/chapter_018.txt
/Users/user/Code/BibleGENZ/bible_books/1 Samuel/chapter_019.txt
/Users/user/Code/BibleGENZ/bible_books/1 Samuel/chapter_020.txt
/Users/user/Code/BibleGENZ/bible_books/1 Samuel/chapter_021.txt
/Users/user/Code/BibleGENZ/bible_books/1 Samuel/chapter_022.txt
/Users/user/Code/BibleGENZ/bible_books/1 Samuel/chapter_023.txt
/Users/user/Code/BibleGENZ/bible_books/1 Samuel/chapter_024.txt
/Users/user/Code/BibleGENZ/bible_books/1 Samuel/chapter_025.txt
/Users/user/Code/BibleGENZ/bible_books/1 Samuel/chapter_026.txt
/Users/user/Code/BibleGENZ/bible_books/1 Samuel/chapter_027.txt
/Users/user/Code/BibleGENZ/bible_books/1 Samuel/chapter_028.txt
/Users/user/Code/BibleGENZ/bible_books/1 Samuel/chapter_029.txt
/Users/user/Code/BibleGENZ/bible_books/1 Samuel/chapter_030.txt
/Users/user/Code/BibleGENZ/bible_books/1 Samuel/chapter_031.txt
/Users/user/Code/BibleGENZ/bible_books/1 Thessalonians/chapter_001.txt
/Users/user/Code/BibleGENZ/bible_books/1 Thessalonians/chapter_002.txt
/Users/user/Code/BibleGENZ/bible_books/1 Thessalonians/chapter_003.txt
/Users/user/Code/BibleGENZ/bible_books/1 Thessalonians/chapter_004.txt
/Users/user/Code/BibleGENZ/bible_books/1 Thessalonians/chapter_005.txt
/Users/user/Code/BibleGENZ/bible_books/1 Timothy/chapter_001.txt
/Users/user/Code/BibleGENZ/bible_books/1 Timothy/chapter_002.txt
/Users/user/Code/BibleGENZ/bible_books/1 Timothy/chapter_003.txt
/Users/user/Code/BibleGENZ/bible_books/1 Timothy/chapter_004.txt
/Users/user/Code/BibleGENZ/bible_books/1 Timothy/chapter_005.txt
/Users/user/Code/BibleGENZ/bible_books/1 Timothy/chapter_006.txt
/Users/user/Code/BibleGENZ/bible_books/2 Chronicles/chapter_001.txt
/Users/user/Code/BibleGENZ/bible_books/2 Chronicles/chapter_002.txt
/Users/user/Code/BibleGENZ/bible_books/2 Chronicles/chapter_003.txt
/Users/user/Code/BibleGENZ/bible_books/2 Chronicles/chapter_004.txt
/Users/user/Code/BibleGENZ/bible_books/2 Chronicles/chapter_005.txt
/Users/user/Code/BibleGENZ/bible_books/2 Chronicles/chapter_006.txt
/Users/user/Code/BibleGENZ/bible_books/2 Chronicles/chapter_007.txt
/Users/user/Code/BibleGENZ/bible_books/2 Chronicles/chapter_008.txt
/Users/user/Code/BibleGENZ/bible_books/2 Chronicles/chapter_009.txt
/Users/user/Code/BibleGENZ/bible_books/2 Chronicles/chapter_010.txt
/Users/user/Code/BibleGENZ/bible_books/2 Chronicles/chapter_011.txt
/Users/user/Code/BibleGENZ/bible_books/2 Chronicles/chapter_012.txt
/Users/user/Code/BibleGENZ/bible_books/2 Chronicles/chapter_013.txt
/Users/user/Code/BibleGENZ/bible_books/2 Chronicles/chapter_014.txt
/Users/user/Code/BibleGENZ/bible_books/2 Chronicles/chapter_015.txt
/Users/user/Code/BibleGENZ/bible_books/2 Chronicles/chapter_016.txt
/Users/user/Code/BibleGENZ/bible_books/2 Chronicles/chapter_017.txt
/Users/user/Code/BibleGENZ/bible_books/2 Chronicles/chapter_018.txt
/Users/user/Code/BibleGENZ/bible_books/2 Chronicles/chapter_019.txt
/Users/user/Code/BibleGENZ/bible_books/2 Chronicles/chapter_020.txt
/Users/user/Code/BibleGENZ/bible_books/2 Chronicles/chapter_021.txt
/Users/user/Code/BibleGENZ/bible_books/2 Chronicles/chapter_022.txt
/Users/user/Code/BibleGENZ/bible_books/2 Chronicles/chapter_023.txt
/Users/user/Code/BibleGENZ/bible_books/2 Chronicles/chapter_024.txt
/Users/user/Code/BibleGENZ/bible_books/2 Chronicles/chapter_025.txt
BOOK_DONE: 1 Chronicles
BOOK_DONE: 1 Corinthians
BOOK_DONE: 1 John
BOOK_DONE: 1 Kings
BOOK_DONE: 1 Peter
BOOK_DONE: 1 Samuel
BOOK_DONE: 1 Thessalonians
BOOK_DONE: 1 Timothy
BOOK_DONE: 2 Chronicles
BOOK_DONE: 2 Corinthians
BOOK_DONE: 2 John
BOOK_DONE: 2 Kings
BOOK_DONE: 2 Peter
BOOK_DONE: 2 Samuel
BOOK_DONE: 2 Thessalonians
BOOK_DONE: 2 Timothy
BOOK_DONE: 3 John
BOOK_DONE: Acts
BOOK_DONE: Amos
BOOK_DONE: Colossians
BOOK_DONE: Daniel
BOOK_DONE: Deuteronomy
BOOK_DONE: Ecclesiastes
BOOK_DONE: Ephesians
BOOK_DONE: Esther
BOOK_DONE: Exodus
BOOK_DONE: Ezekiel
BOOK_DONE: Ezra
BOOK_DONE: Galatians
BOOK_DONE: Genesis
BOOK_DONE: Habakkuk
BOOK_DONE: Haggai
BOOK_DONE: Hebrews
BOOK_DONE: Hosea
BOOK_DONE: Isaiah
BOOK_DONE: James
BOOK_DONE: Jeremiah
BOOK_DONE: Job
BOOK_DONE: Joel
BOOK_DONE: John
BOOK_DONE: Jonah
BOOK_DONE: Joshua
BOOK_DONE: Jude
BOOK_DONE: Judges
BOOK_DONE: Lamentations
BOOK_DONE: Leviticus
BOOK_DONE: Luke
BOOK_DONE: Malachi
BOOK_DONE: Mark
BOOK_DONE: Matthew
